<?xml version="1.0" encoding="UTF-8"?>
<testsuite xmlns:xsi="http://www.w3.org/2001/XMLSchema-instance" xsi:noNamespaceSchemaLocation="https://maven.apache.org/surefire/maven-surefire-plugin/xsd/surefire-test-report.xsd" version="3.0.2" name="com.universidad.tienda.DecoratorTest" time="0.072" tests="3" errors="0" skipped="0" failures="0">
  <properties>
[...]
</properties>
  <testcase name="testOrdenMontoInvalido" classname="com.universidad.tienda.DecoratorTest" time="0.036"/>
  <testcase name="testOrdenIdVacio" classname="com.universidad.tienda.DecoratorTest" time="0.0"/>
  <testcase name="testOrdenValida" classname="com.universidad.tienda.DecoratorTest" time="0.016">
    <system-out><![CDATA[[VALIDACION] Orden ORD-001 validada correctamente.
[LOG] Iniciando procesamiento: ORD-001
BASE: Procesando orden ORD-001 por $50000.0
[LOG] Completado en 4ms. Resultado: PROCESADA:ORD-001
[AUDITORIA] 2026-04-02T15:10:07.925358200 Orden: ORD-001 Resultado: PROCESADA:ORD-001
]]></system-out>
  </testcase>
</testsuite>